c:\dev\emulators\windy\windy\debug\vc143.pdb
c:\dev\emulators\windy\windy\debug\vc143.idb
c:\dev\emulators\windy\windy\debug\lindberghdevice.obj
c:\dev\emulators\windy\windy\debug\jvsboard.obj
c:\dev\emulators\windy\windy\debug\eepromboard.obj
c:\dev\emulators\windy\windy\debug\baseboard.obj
c:\dev\emulators\windy\windy\debug\symbolresolver.obj
c:\dev\emulators\windy\windy\debug\memorymanager.obj
c:\dev\emulators\windy\windy\debug\log.obj
c:\dev\emulators\windy\windy\debug\linuxstack.obj
c:\dev\emulators\windy\windy\debug\iniparser.obj
c:\dev\emulators\windy\windy\debug\elfloader.obj
c:\dev\emulators\windy\windy\debug\config.obj
c:\dev\emulators\windy\windy\debug\processbridge.obj
c:\dev\emulators\windy\windy\debug\ipcbridge.obj
c:\dev\emulators\windy\windy\debug\hardwarebridge.obj
c:\dev\emulators\windy\windy\debug\gccbridge.obj
c:\dev\emulators\windy\windy\debug\filesystembridge.obj
c:\dev\emulators\windy\windy\debug\pthreadbridge.obj
c:\dev\emulators\windy\windy\debug\libcbridge.obj
c:\dev\emulators\windy\windy\debug\x11bridge.obj
c:\dev\emulators\windy\windy\debug\glxbridge.obj
c:\dev\emulators\windy\windy\debug\main.obj
c:\dev\emulators\windy\windy\debug\serialboard.obj
c:\dev\emulators\windy\windy\debug\securityboard.obj
c:\dev\emulators\windy\windy\debug\libsegaapi.obj
c:\dev\emulators\windy\debug\windy.exe
c:\dev\emulators\windy\debug\windy.pdb
c:\dev\emulators\windy\debug\faudio.dll
c:\dev\emulators\windy\debug\pthreadvc3d.dll
c:\dev\emulators\windy\windy\debug\windy.ilk
c:\dev\emulators\windy\windy\debug\windy.tlog\cl.command.1.tlog
c:\dev\emulators\windy\windy\debug\windy.tlog\cl.items.tlog
c:\dev\emulators\windy\windy\debug\windy.tlog\cl.read.1.tlog
c:\dev\emulators\windy\windy\debug\windy.tlog\cl.write.1.tlog
c:\dev\emulators\windy\windy\debug\windy.tlog\link.command.1.tlog
c:\dev\emulators\windy\windy\debug\windy.tlog\link.read.1.tlog
c:\dev\emulators\windy\windy\debug\windy.tlog\link.secondary.1.tlog
c:\dev\emulators\windy\windy\debug\windy.tlog\link.write.1.tlog
c:\dev\emulators\windy\windy\debug\windy.tlog\windy.write.1u.tlog
